# JRE version: OpenJDK Runtime Environment Temurin-17.0.10+7 (17.0.10+7) (build 17.0.10+7)
# Java VM: OpenJDK 64-Bit Server VM Temurin-17.0.10+7 (17.0.10+7, mixed mode, sharing, tiered, compressed oops, compressed class ptrs, g1 gc, windows-amd64)
GC Precious Log:
 CPUs: 12 total, 12 available
 Memory: 32692M
 Large Page Support: Disabled
 NUMA Support: Disabled
 Compressed Oops: Enabled (Zero based)
 Heap Region Size: 4M
 Heap Min Capacity: 8M
 Heap Initial Capacity: 512M
 Heap Max Capacity: 8176M
 Pre-touch: Disabled
 Parallel Workers: 10
 Concurrent Workers: 3
 Concurrent Refinement Workers: 10
 Periodic GC: Disabled
Heap:
 garbage-first heap   total 315392K, used 248360K [0x0000000601000000, 0x0000000800000000)
  region size 4096K, 42 young (172032K), 5 survivors (20480K)
 Metaspace       used 41801K, committed 42944K, reserved 1114112K
  class space    used 5460K, committed 5952K, reserved 1048576K
GC Heap History (20 events):
Event: 0.676 GC heap after
{Heap after GC invocations=3 (full 0):
 garbage-first heap   total 524288K, used 18533K [0x0000000601000000, 0x0000000800000000)
  region size 4096K, 2 young (8192K), 2 survivors (8192K)
 Metaspace       used 4831K, committed 5056K, reserved 1114112K
  class space    used 466K, committed 576K, reserved 1048576K
}
Event: 1.400 GC heap before
{Heap before GC invocations=3 (full 0):
 garbage-first heap   total 524288K, used 292965K [0x0000000601000000, 0x0000000800000000)
  region size 4096K, 69 young (282624K), 2 survivors (8192K)
 Metaspace       used 5286K, committed 5504K, reserved 1114112K
  class space    used 509K, committed 640K, reserved 1048576K
}
Event: 1.405 GC heap after
{Heap after GC invocations=4 (full 0):
 garbage-first heap   total 524288K, used 31349K [0x0000000601000000, 0x0000000800000000)
  region size 4096K, 6 young (24576K), 6 survivors (24576K)
 Metaspace       used 5286K, committed 5504K, reserved 1114112K
  class space    used 509K, committed 640K, reserved 1048576K
}
Event: 2.565 GC heap before
{Heap before GC invocations=4 (full 0):
 garbage-first heap   total 524288K, used 256629K [0x0000000601000000, 0x0000000800000000)
  region size 4096K, 58 young (237568K), 6 survivors (24576K)
 Metaspace       used 21155K, committed 21504K, reserved 1114112K
  class space    used 2601K, committed 2752K, reserved 1048576K
}
Event: 2.574 GC heap after
{Heap after GC invocations=5 (full 0):
 garbage-first heap   total 524288K, used 55774K [0x0000000601000000, 0x0000000800000000)
  region size 4096K, 10 young (40960K), 10 survivors (40960K)
 Metaspace       used 21155K, committed 21504K, reserved 1114112K
  class space    used 2601K, committed 2752K, reserved 1048576K
}
Event: 2.889 GC heap before
{Heap before GC invocations=6 (full 0):
 garbage-first heap   total 204800K, used 145886K [0x0000000601000000, 0x0000000800000000)
  region size 4096K, 32 young (131072K), 10 survivors (40960K)
 Metaspace       used 24674K, committed 25280K, reserved 1114112K
  class space    used 3068K, committed 3328K, reserved 1048576K
}
Event: 2.904 GC heap after
{Heap after GC invocations=7 (full 0):
 garbage-first heap   total 208896K, used 75106K [0x0000000601000000, 0x0000000800000000)
  region size 4096K, 4 young (16384K), 4 survivors (16384K)
 Metaspace       used 24674K, committed 25280K, reserved 1114112K
  class space    used 3068K, committed 3328K, reserved 1048576K
}
Event: 2.908 GC heap before
{Heap before GC invocations=7 (full 0):
 garbage-first heap   total 208896K, used 79202K [0x0000000601000000, 0x0000000800000000)
  region size 4096K, 5 young (20480K), 4 survivors (16384K)
 Metaspace       used 24696K, committed 25344K, reserved 1114112K
  class space    used 3070K, committed 3328K, reserved 1048576K
}
Event: 2.912 GC heap after
{Heap after GC invocations=8 (full 0):
 garbage-first heap   total 208896K, used 75373K [0x0000000601000000, 0x0000000800000000)
  region size 4096K, 1 young (4096K), 1 survivors (4096K)
 Metaspace       used 24696K, committed 25344K, reserved 1114112K
  class space    used 3070K, committed 3328K, reserved 1048576K
}
Event: 3.021 GC heap before
{Heap before GC invocations=8 (full 0):
 garbage-first heap   total 208896K, used 145005K [0x0000000601000000, 0x0000000800000000)
  region size 4096K, 18 young (73728K), 1 survivors (4096K)
 Metaspace       used 26676K, committed 27456K, reserved 1114112K
  class space    used 3271K, committed 3584K, reserved 1048576K
}
Event: 3.023 GC heap after
{Heap after GC invocations=9 (full 0):
 garbage-first heap   total 450560K, used 73416K [0x0000000601000000, 0x0000000800000000)
  region size 4096K, 1 young (4096K), 1 survivors (4096K)
 Metaspace       used 26676K, committed 27456K, reserved 1114112K
  class space    used 3271K, committed 3584K, reserved 1048576K
}
Event: 3.296 GC heap before
{Heap before GC invocations=9 (full 0):
 garbage-first heap   total 450560K, used 339656K [0x0000000601000000, 0x0000000800000000)
  region size 4096K, 66 young (270336K), 1 survivors (4096K)
 Metaspace       used 27546K, committed 28352K, reserved 1114112K
  class space    used 3409K, committed 3776K, reserved 1048576K
}
Event: 3.298 GC heap after
{Heap after GC invocations=10 (full 0):
 garbage-first heap   total 450560K, used 75517K [0x0000000601000000, 0x0000000800000000)
  region size 4096K, 1 young (4096K), 1 survivors (4096K)
 Metaspace       used 27546K, committed 28352K, reserved 1114112K
  class space    used 3409K, committed 3776K, reserved 1048576K
}
Event: 3.671 GC heap before
{Heap before GC invocations=10 (full 0):
 garbage-first heap   total 450560K, used 341757K [0x0000000601000000, 0x0000000800000000)
  region size 4096K, 66 young (270336K), 1 survivors (4096K)
 Metaspace       used 29656K, committed 30592K, reserved 1114112K
  class space    used 3658K, committed 4096K, reserved 1048576K
}
Event: 3.674 GC heap after
{Heap after GC invocations=11 (full 0):
 garbage-first heap   total 450560K, used 78878K [0x0000000601000000, 0x0000000800000000)
  region size 4096K, 2 young (8192K), 2 survivors (8192K)
 Metaspace       used 29656K, committed 30592K, reserved 1114112K
  class space    used 3658K, committed 4096K, reserved 1048576K
}
Event: 4.116 GC heap before
{Heap before GC invocations=11 (full 0):
 garbage-first heap   total 450560K, used 271390K [0x0000000601000000, 0x0000000800000000)
  region size 4096K, 51 young (208896K), 2 survivors (8192K)
 Metaspace       used 35121K, committed 36160K, reserved 1114112K
  class space    used 4247K, committed 4736K, reserved 1048576K
}
Event: 4.119 GC heap after
{Heap after GC invocations=12 (full 0):
 garbage-first heap   total 450560K, used 82899K [0x0000000601000000, 0x0000000800000000)
  region size 4096K, 3 young (12288K), 3 survivors (12288K)
 Metaspace       used 35121K, committed 36160K, reserved 1114112K
  class space    used 4247K, committed 4736K, reserved 1048576K
}
Event: 4.768 GC heap before
{Heap before GC invocations=13 (full 0):
 garbage-first heap   total 315392K, used 259027K [0x0000000601000000, 0x0000000800000000)
  region size 4096K, 46 young (188416K), 3 survivors (12288K)
 Metaspace       used 40994K, committed 42176K, reserved 1114112K
  class space    used 5326K, committed 5824K, reserved 1048576K
}
Event: 4.780 GC heap after
{Heap after GC invocations=14 (full 0):
 garbage-first heap   total 315392K, used 96808K [0x0000000601000000, 0x0000000800000000)
  region size 4096K, 6 young (24576K), 6 survivors (24576K)
 Metaspace       used 40994K, committed 42176K, reserved 1114112K
  class space    used 5326K, committed 5824K, reserved 1048576K
}
Event: 5.023 GC heap before
{Heap before GC invocations=14 (full 0):
 garbage-first heap   total 315392K, used 248360K [0x0000000601000000, 0x0000000800000000)
  region size 4096K, 43 young (176128K), 6 survivors (24576K)
 Metaspace       used 41801K, committed 42944K, reserved 1114112K
  class space    used 5460K, committed 5952K, reserved 1048576K
}

